2026-01-07 08:44:05 [INFO] - Creating project at /Users/edmundtsou/Desktop/JEFworks/jefworks-structure_segmentation/rbc_segmentation...
2026-01-07 08:44:45 [INFO] - Setting up project at /Users/edmundtsou/Desktop/JEFworks/jefworks-structure_segmentation/rbc_segmentation
2026-01-07 08:44:45 [INFO] - Creating project at /Users/edmundtsou/Desktop/JEFworks/jefworks-structure_segmentation/rbc_segmentation...
2026-01-07 08:44:45 [INFO] - Saved dataset source MyProject to /Users/edmundtsou/Desktop/JEFworks/jefworks-structure_segmentation/rbc_segmentation/datasets.json
2026-01-07 08:46:19 [DEBUG] - Verifying slide annotations...
2026-01-07 08:46:28 [INFO] - Segmenting cells for 4 slides.
2026-01-07 08:51:20 [DEBUG] - Verifying slide annotations...
2026-01-07 08:51:20 [DEBUG] - Verifying tfrecords...
2026-01-07 08:52:06 [DEBUG] - Verifying slide annotations...
2026-01-07 08:52:06 [DEBUG] - Verifying tfrecords...
2026-01-07 08:52:30 [DEBUG] - Verifying slide annotations...
2026-01-07 08:52:30 [DEBUG] - Verifying tfrecords...
2026-01-07 08:52:30 [DEBUG] - Verifying slide annotations...
2026-01-07 08:52:30 [DEBUG] - Verifying tfrecords...
2026-01-07 09:04:03 [DEBUG] - Verifying slide annotations...
2026-01-07 09:04:03 [DEBUG] - TFRecords path not found: /Users/edmundtsou/Desktop/JEFworks/jefworks-structure_segmentation/rbc_segmentation/tfrecords/512px_256um
2026-01-07 09:04:03 [DEBUG] - No manifest at /Users/edmundtsou/Desktop/JEFworks/jefworks-structure_segmentation/rbc_segmentation/tfrecords/512px_256um; creating now
2026-01-07 09:04:03 [DEBUG] - Failed to update manifest /Users/edmundtsou/Desktop/JEFworks/jefworks-structure_segmentation/rbc_segmentation/tfrecords/512px_256um; no TFRecords
2026-01-07 09:04:03 [DEBUG] - TFRecords path not found: /Users/edmundtsou/Desktop/JEFworks/jefworks-structure_segmentation/rbc_segmentation/tfrecords/512px_256um
2026-01-07 09:04:03 [DEBUG] - No manifest at /Users/edmundtsou/Desktop/JEFworks/jefworks-structure_segmentation/rbc_segmentation/tfrecords/512px_256um; creating now
2026-01-07 09:04:03 [DEBUG] - Failed to update manifest /Users/edmundtsou/Desktop/JEFworks/jefworks-structure_segmentation/rbc_segmentation/tfrecords/512px_256um; no TFRecords
2026-01-07 09:04:03 [INFO] - Slide reading backend: [cyan]libvips[/]
2026-01-07 09:04:03 [INFO] - Filtering tiles by grayspace fraction
2026-01-07 09:04:03 [DEBUG] - Grayspace defined as HSV avg < 0.05 (exclude if >=60% grayspace)
2026-01-07 09:04:03 [INFO] - Working on dataset source [bold]MyProject[/]...
2026-01-07 09:04:03 [DEBUG] - No manifest at /Users/edmundtsou/Desktop/JEFworks/jefworks-structure_segmentation/rbc_segmentation/tfrecords/512px_256um; creating now
2026-01-07 09:04:03 [INFO] - Extracting tiles from 4 slides (tile_px=512, tile_um=256)
2026-01-07 09:04:04 [INFO] - Using 8 processes (pool=spawn)
2026-01-07 09:04:04 [DEBUG] - Setting MPP to 0.5
2026-01-07 09:04:04 [DEBUG] - Attempting to read levels from non-standard multi-page TIFF
2026-01-07 09:04:04 [DEBUG] - Read 1 levels.
2026-01-07 09:04:04 [DEBUG] - Error attempting to read level 0
2026-01-07 09:04:04 [INFO] - No ROI for Ctrl_1A2, using whole slide.
2026-01-07 09:04:04 [DEBUG] - Slide origin: (0, 0)
2026-01-07 09:04:04 [DEBUG] - Set up coordinate grid, shape=(62, 35)
2026-01-07 09:04:04 [DEBUG] - Ctrl_1A2: Slide info: 0.5 um/px | 0 ROI(s) | Size: 32096 x 18048
2026-01-07 09:04:04 [DEBUG] - Ctrl_1A2: Grid shape: (62, 35) | Tiles to extract: 2170
2026-01-07 09:04:04 [DEBUG] - Extracting tiles for Ctrl_1A2
2026-01-07 09:04:04 [DEBUG] - Ctrl_1A2: Extracting 256um tiles (512.0px, not resizing); stride: 512px
2026-01-07 09:04:04 [DEBUG] - Building generator with a shared pool
2026-01-07 09:04:04 [DEBUG] - Using imap chunksize=64
2026-01-07 09:04:09 [DEBUG] - Setting MPP to 0.5
2026-01-07 09:04:09 [DEBUG] - Attempting to read levels from non-standard multi-page TIFF
2026-01-07 09:04:09 [DEBUG] - Read 1 levels.
2026-01-07 09:04:09 [DEBUG] - Setting MPP to 0.5
2026-01-07 09:04:09 [DEBUG] - Attempting to read levels from non-standard multi-page TIFF
2026-01-07 09:04:09 [DEBUG] - Read 1 levels.
2026-01-07 09:04:09 [DEBUG] - Setting MPP to 0.5
2026-01-07 09:04:09 [DEBUG] - Attempting to read levels from non-standard multi-page TIFF
2026-01-07 09:04:09 [DEBUG] - Setting MPP to 0.5
2026-01-07 09:04:09 [DEBUG] - Attempting to read levels from non-standard multi-page TIFF
2026-01-07 09:04:09 [DEBUG] - Setting MPP to 0.5
2026-01-07 09:04:09 [DEBUG] - Attempting to read levels from non-standard multi-page TIFF
2026-01-07 09:04:09 [DEBUG] - Setting MPP to 0.5
2026-01-07 09:04:09 [DEBUG] - Attempting to read levels from non-standard multi-page TIFF
2026-01-07 09:04:09 [DEBUG] - Read 1 levels.
2026-01-07 09:04:09 [DEBUG] - Setting MPP to 0.5
2026-01-07 09:04:09 [DEBUG] - Attempting to read levels from non-standard multi-page TIFF
2026-01-07 09:04:09 [DEBUG] - Read 1 levels.
2026-01-07 09:04:09 [DEBUG] - Read 1 levels.
2026-01-07 09:04:09 [DEBUG] - Read 1 levels.
2026-01-07 09:04:09 [DEBUG] - Read 1 levels.
2026-01-07 09:04:09 [DEBUG] - Setting MPP to 0.5
2026-01-07 09:04:09 [DEBUG] - Attempting to read levels from non-standard multi-page TIFF
2026-01-07 09:04:09 [DEBUG] - Read 1 levels.
2026-01-07 09:04:55 [INFO] - Finished tile extraction for [green]Ctrl_1A2[/] (644 tiles of 2170 possible)
2026-01-07 09:04:55 [DEBUG] - Generating slide report
2026-01-07 09:05:00 [DEBUG] - Setting MPP to 0.5
2026-01-07 09:05:00 [DEBUG] - Attempting to read levels from non-standard multi-page TIFF
2026-01-07 09:05:00 [DEBUG] - Read 1 levels.
2026-01-07 09:05:00 [DEBUG] - Error attempting to read level 0
2026-01-07 09:05:00 [INFO] - No ROI for Ctrl_1A4, using whole slide.
2026-01-07 09:05:00 [DEBUG] - Slide origin: (0, 0)
2026-01-07 09:05:00 [DEBUG] - Set up coordinate grid, shape=(59, 33)
2026-01-07 09:05:00 [DEBUG] - Ctrl_1A4: Slide info: 0.5 um/px | 0 ROI(s) | Size: 30592 x 17160
2026-01-07 09:05:00 [DEBUG] - Ctrl_1A4: Grid shape: (59, 33) | Tiles to extract: 1947
2026-01-07 09:05:00 [DEBUG] - Extracting tiles for Ctrl_1A4
2026-01-07 09:05:00 [DEBUG] - Ctrl_1A4: Extracting 256um tiles (512.0px, not resizing); stride: 512px
2026-01-07 09:05:00 [DEBUG] - Building generator with a shared pool
2026-01-07 09:05:00 [DEBUG] - Using imap chunksize=64
2026-01-07 09:05:00 [DEBUG] - Setting MPP to 0.5
2026-01-07 09:05:00 [DEBUG] - Attempting to read levels from non-standard multi-page TIFF
2026-01-07 09:05:00 [DEBUG] - Read 1 levels.
2026-01-07 09:05:00 [DEBUG] - Setting MPP to 0.5
2026-01-07 09:05:00 [DEBUG] - Attempting to read levels from non-standard multi-page TIFF
2026-01-07 09:05:00 [DEBUG] - Read 1 levels.
2026-01-07 09:05:00 [DEBUG] - Setting MPP to 0.5
2026-01-07 09:05:00 [DEBUG] - Attempting to read levels from non-standard multi-page TIFF
2026-01-07 09:05:00 [DEBUG] - Read 1 levels.
2026-01-07 09:05:00 [DEBUG] - Setting MPP to 0.5
2026-01-07 09:05:00 [DEBUG] - Attempting to read levels from non-standard multi-page TIFF
2026-01-07 09:05:00 [DEBUG] - Setting MPP to 0.5
2026-01-07 09:05:00 [DEBUG] - Read 1 levels.
2026-01-07 09:05:00 [DEBUG] - Attempting to read levels from non-standard multi-page TIFF
2026-01-07 09:05:00 [DEBUG] - Setting MPP to 0.5
2026-01-07 09:05:00 [DEBUG] - Attempting to read levels from non-standard multi-page TIFF
2026-01-07 09:05:00 [DEBUG] - Read 1 levels.
2026-01-07 09:05:00 [DEBUG] - Read 1 levels.
2026-01-07 09:05:00 [DEBUG] - Setting MPP to 0.5
2026-01-07 09:05:00 [DEBUG] - Attempting to read levels from non-standard multi-page TIFF
2026-01-07 09:05:00 [DEBUG] - Setting MPP to 0.5
2026-01-07 09:05:00 [DEBUG] - Attempting to read levels from non-standard multi-page TIFF
2026-01-07 09:05:00 [DEBUG] - Read 1 levels.
2026-01-07 09:05:00 [DEBUG] - Read 1 levels.
2026-01-07 09:06:08 [INFO] - Finished tile extraction for [green]Ctrl_1A4[/] (614 tiles of 1947 possible)
2026-01-07 09:06:08 [DEBUG] - Generating slide report
2026-01-07 09:06:08 [DEBUG] - Setting MPP to 0.5
2026-01-07 09:06:08 [DEBUG] - Attempting to read levels from non-standard multi-page TIFF
2026-01-07 09:06:08 [DEBUG] - Read 1 levels.
2026-01-07 09:06:08 [DEBUG] - Error attempting to read level 0
2026-01-07 09:06:08 [INFO] - No ROI for IR_2A2, using whole slide.
2026-01-07 09:06:08 [DEBUG] - Slide origin: (0, 0)
2026-01-07 09:06:08 [DEBUG] - Set up coordinate grid, shape=(61, 34)
2026-01-07 09:06:08 [DEBUG] - IR_2A2: Slide info: 0.5 um/px | 0 ROI(s) | Size: 31688 x 17880
2026-01-07 09:06:08 [DEBUG] - IR_2A2: Grid shape: (61, 34) | Tiles to extract: 2074
2026-01-07 09:06:08 [DEBUG] - Extracting tiles for IR_2A2
2026-01-07 09:06:08 [DEBUG] - IR_2A2: Extracting 256um tiles (512.0px, not resizing); stride: 512px
2026-01-07 09:06:08 [DEBUG] - Building generator with a shared pool
2026-01-07 09:06:08 [DEBUG] - Using imap chunksize=64
2026-01-07 09:06:08 [DEBUG] - Setting MPP to 0.5
2026-01-07 09:06:08 [DEBUG] - Attempting to read levels from non-standard multi-page TIFF
2026-01-07 09:06:08 [DEBUG] - Read 1 levels.
2026-01-07 09:06:08 [DEBUG] - Setting MPP to 0.5
2026-01-07 09:06:08 [DEBUG] - Attempting to read levels from non-standard multi-page TIFF
2026-01-07 09:06:08 [DEBUG] - Read 1 levels.
2026-01-07 09:06:08 [DEBUG] - Setting MPP to 0.5
2026-01-07 09:06:08 [DEBUG] - Attempting to read levels from non-standard multi-page TIFF
2026-01-07 09:06:08 [DEBUG] - Read 1 levels.
2026-01-07 09:06:08 [DEBUG] - Setting MPP to 0.5
2026-01-07 09:06:08 [DEBUG] - Attempting to read levels from non-standard multi-page TIFF
2026-01-07 09:06:08 [DEBUG] - Read 1 levels.
2026-01-07 09:06:08 [DEBUG] - Setting MPP to 0.5
2026-01-07 09:06:08 [DEBUG] - Setting MPP to 0.5
2026-01-07 09:06:08 [DEBUG] - Attempting to read levels from non-standard multi-page TIFF
2026-01-07 09:06:08 [DEBUG] - Read 1 levels.
2026-01-07 09:06:08 [DEBUG] - Attempting to read levels from non-standard multi-page TIFF
2026-01-07 09:06:08 [DEBUG] - Read 1 levels.
2026-01-07 09:06:08 [DEBUG] - Setting MPP to 0.5
2026-01-07 09:06:08 [DEBUG] - Attempting to read levels from non-standard multi-page TIFF
2026-01-07 09:06:08 [DEBUG] - Read 1 levels.
2026-01-07 09:06:08 [DEBUG] - Setting MPP to 0.5
2026-01-07 09:06:08 [DEBUG] - Attempting to read levels from non-standard multi-page TIFF
2026-01-07 09:06:08 [DEBUG] - Read 1 levels.
2026-01-07 09:06:51 [INFO] - Finished tile extraction for [green]IR_2A2[/] (740 tiles of 2074 possible)
2026-01-07 09:06:51 [DEBUG] - Generating slide report
2026-01-07 09:06:51 [DEBUG] - Setting MPP to 0.5
2026-01-07 09:06:51 [DEBUG] - Attempting to read levels from non-standard multi-page TIFF
2026-01-07 09:06:51 [DEBUG] - Read 1 levels.
2026-01-07 09:06:51 [DEBUG] - Error attempting to read level 0
2026-01-07 09:06:51 [INFO] - No ROI for IR_2A4, using whole slide.
2026-01-07 09:06:51 [DEBUG] - Slide origin: (0, 0)
2026-01-07 09:06:51 [DEBUG] - Set up coordinate grid, shape=(59, 33)
2026-01-07 09:06:51 [DEBUG] - IR_2A4: Slide info: 0.5 um/px | 0 ROI(s) | Size: 30336 x 17160
2026-01-07 09:06:51 [DEBUG] - IR_2A4: Grid shape: (59, 33) | Tiles to extract: 1947
2026-01-07 09:06:51 [DEBUG] - Extracting tiles for IR_2A4
2026-01-07 09:06:51 [DEBUG] - IR_2A4: Extracting 256um tiles (512.0px, not resizing); stride: 512px
2026-01-07 09:06:51 [DEBUG] - Building generator with a shared pool
2026-01-07 09:06:51 [DEBUG] - Using imap chunksize=64
2026-01-07 09:06:51 [DEBUG] - Setting MPP to 0.5
2026-01-07 09:06:51 [DEBUG] - Attempting to read levels from non-standard multi-page TIFF
2026-01-07 09:06:51 [DEBUG] - Read 1 levels.
2026-01-07 09:06:51 [DEBUG] - Setting MPP to 0.5
2026-01-07 09:06:51 [DEBUG] - Attempting to read levels from non-standard multi-page TIFF
2026-01-07 09:06:51 [DEBUG] - Read 1 levels.
2026-01-07 09:06:51 [DEBUG] - Setting MPP to 0.5
2026-01-07 09:06:51 [DEBUG] - Attempting to read levels from non-standard multi-page TIFF
2026-01-07 09:06:51 [DEBUG] - Read 1 levels.
2026-01-07 09:06:51 [DEBUG] - Setting MPP to 0.5
2026-01-07 09:06:51 [DEBUG] - Attempting to read levels from non-standard multi-page TIFF
2026-01-07 09:06:51 [DEBUG] - Read 1 levels.
2026-01-07 09:06:51 [DEBUG] - Setting MPP to 0.5
2026-01-07 09:06:51 [DEBUG] - Attempting to read levels from non-standard multi-page TIFF
2026-01-07 09:06:51 [DEBUG] - Setting MPP to 0.5
2026-01-07 09:06:51 [DEBUG] - Attempting to read levels from non-standard multi-page TIFF
2026-01-07 09:06:51 [DEBUG] - Read 1 levels.
2026-01-07 09:06:51 [DEBUG] - Read 1 levels.
2026-01-07 09:06:51 [DEBUG] - Setting MPP to 0.5
2026-01-07 09:06:51 [DEBUG] - Attempting to read levels from non-standard multi-page TIFF
2026-01-07 09:06:51 [DEBUG] - Setting MPP to 0.5
2026-01-07 09:06:51 [DEBUG] - Attempting to read levels from non-standard multi-page TIFF
2026-01-07 09:06:51 [DEBUG] - Read 1 levels.
2026-01-07 09:06:51 [DEBUG] - Read 1 levels.
2026-01-07 09:07:28 [INFO] - Finished tile extraction for [green]IR_2A4[/] (695 tiles of 1947 possible)
2026-01-07 09:07:28 [DEBUG] - Generating slide report
2026-01-07 09:07:28 [INFO] - Generating PDF (this may take some time)...
2026-01-07 09:07:28 [DEBUG] - Rendering thumbnails with pool.
2026-01-07 09:07:28 [DEBUG] - Microns-Per-Pixel (MPP) not found, Searching EXIF
2026-01-07 09:07:28 [DEBUG] - Microns-Per-Pixel (MPP) not found, Searching EXIF
2026-01-07 09:07:28 [DEBUG] - Microns-Per-Pixel (MPP) not found, Searching EXIF
2026-01-07 09:07:28 [DEBUG] - Microns-Per-Pixel (MPP) not found, Searching EXIF
2026-01-07 09:07:28 [DEBUG] - Setting MPP to 1
2026-01-07 09:07:28 [DEBUG] - Setting MPP to 1
2026-01-07 09:07:28 [DEBUG] - Setting MPP to 1
2026-01-07 09:07:28 [DEBUG] - Attempting to read levels from non-standard multi-page TIFF
2026-01-07 09:07:28 [DEBUG] - Attempting to read levels from non-standard multi-page TIFF
2026-01-07 09:07:28 [DEBUG] - Setting MPP to 1
2026-01-07 09:07:28 [DEBUG] - Attempting to read levels from non-standard multi-page TIFF
2026-01-07 09:07:28 [DEBUG] - Read 1 levels.
2026-01-07 09:07:28 [DEBUG] - Read 1 levels.
2026-01-07 09:07:28 [DEBUG] - Attempting to read levels from non-standard multi-page TIFF
2026-01-07 09:07:28 [DEBUG] - Error attempting to read level 0
2026-01-07 09:07:28 [DEBUG] - No ROIs provided for IR_2A2
2026-01-07 09:07:28 [DEBUG] - Read 1 levels.
2026-01-07 09:07:28 [DEBUG] - Error attempting to read level 0
2026-01-07 09:07:28 [DEBUG] - No ROIs provided for IR_2A4
2026-01-07 09:07:28 [DEBUG] - No ROI for IR_2A2, using whole slide.
2026-01-07 09:07:28 [DEBUG] - No ROI for IR_2A4, using whole slide.
2026-01-07 09:07:28 [DEBUG] - Slide origin: (0, 0)
2026-01-07 09:07:28 [DEBUG] - Slide origin: (0, 0)
2026-01-07 09:07:28 [DEBUG] - Set up coordinate grid, shape=(123, 69)
2026-01-07 09:07:28 [DEBUG] - IR_2A2: Slide info: 1.0 um/px | 0 ROI(s) | Size: 31688 x 17880
2026-01-07 09:07:28 [DEBUG] - IR_2A2: Grid shape: (123, 69) | Tiles to extract: 8487
2026-01-07 09:07:28 [DEBUG] - Requesting thumbnail at level=0, width=512
2026-01-07 09:07:28 [DEBUG] - Set up coordinate grid, shape=(118, 67)
2026-01-07 09:07:28 [DEBUG] - IR_2A4: Slide info: 1.0 um/px | 0 ROI(s) | Size: 30336 x 17160
2026-01-07 09:07:28 [DEBUG] - IR_2A4: Grid shape: (118, 67) | Tiles to extract: 7906
2026-01-07 09:07:28 [DEBUG] - Requesting thumbnail at level=0, width=512
2026-01-07 09:07:28 [DEBUG] - Read 1 levels.
2026-01-07 09:07:28 [DEBUG] - Error attempting to read level 0
2026-01-07 09:07:28 [DEBUG] - No ROIs provided for Ctrl_1A4
2026-01-07 09:07:28 [DEBUG] - No ROI for Ctrl_1A4, using whole slide.
2026-01-07 09:07:28 [DEBUG] - Slide origin: (0, 0)
2026-01-07 09:07:28 [DEBUG] - Set up coordinate grid, shape=(119, 67)
2026-01-07 09:07:28 [DEBUG] - Ctrl_1A4: Slide info: 1.0 um/px | 0 ROI(s) | Size: 30592 x 17160
2026-01-07 09:07:28 [DEBUG] - Ctrl_1A4: Grid shape: (119, 67) | Tiles to extract: 7973
2026-01-07 09:07:28 [DEBUG] - Requesting thumbnail at level=0, width=512
2026-01-07 09:07:28 [DEBUG] - Error attempting to read level 0
2026-01-07 09:07:28 [DEBUG] - No ROIs provided for Ctrl_1A2
2026-01-07 09:07:28 [DEBUG] - No ROI for Ctrl_1A2, using whole slide.
2026-01-07 09:07:28 [DEBUG] - Slide origin: (0, 0)
2026-01-07 09:07:28 [DEBUG] - Set up coordinate grid, shape=(125, 70)
2026-01-07 09:07:28 [DEBUG] - Ctrl_1A2: Slide info: 1.0 um/px | 0 ROI(s) | Size: 32096 x 18048
2026-01-07 09:07:28 [DEBUG] - Ctrl_1A2: Grid shape: (125, 70) | Tiles to extract: 8750
2026-01-07 09:07:28 [DEBUG] - Requesting thumbnail at level=0, width=512
2026-01-07 09:07:53 [DEBUG] - Rendering tile images with pool.
2026-01-07 09:07:54 [DEBUG] - Report render complete.
2026-01-07 09:08:01 [DEBUG] - Rendering PDF pages with thumbnails.
