2026-01-07 09:07:34 [DEBUG] - Loading project at /Users/edmundtsou/Desktop/JEFworks/jefworks-structure_segmentation/rbc_segmentation...
2026-01-07 09:07:34 [DEBUG] - Verifying slide annotations...
2026-01-07 09:07:34 [DEBUG] - Verifying tfrecords...
2026-01-07 09:07:43 [DEBUG] - Loading slide /Users/edmundtsou/Desktop/JEFworks/jefworks-structure_segmentation/data/lab_kidney_data_tiff/Ctrl_1A2.tif...
2026-01-07 09:07:43 [DEBUG] - Verifying slide annotations...
2026-01-07 09:07:43 [DEBUG] - Verifying tfrecords...
2026-01-07 09:07:44 [DEBUG] - Microns-Per-Pixel (MPP) not found, Searching EXIF
2026-01-07 09:08:08 [DEBUG] - Loading slide /Users/edmundtsou/Desktop/JEFworks/jefworks-structure_segmentation/data/lab_kidney_data_tiff/Ctrl_1A2.tif...
2026-01-07 09:08:08 [DEBUG] - Verifying slide annotations...
2026-01-07 09:08:08 [DEBUG] - Verifying tfrecords...
2026-01-07 09:08:08 [DEBUG] - Setting MPP to 0.5
2026-01-07 09:08:08 [DEBUG] - Attempting to read levels from non-standard multi-page TIFF
2026-01-07 09:08:08 [DEBUG] - Read 1 levels.
2026-01-07 09:08:08 [DEBUG] - No ROIs provided for Ctrl_1A2
2026-01-07 09:08:08 [DEBUG] - No ROI for Ctrl_1A2, using whole slide.
2026-01-07 09:08:08 [DEBUG] - Slide origin: (0, 0)
2026-01-07 09:08:08 [DEBUG] - Set up coordinate grid, shape=(31, 17)
2026-01-07 09:08:08 [DEBUG] - Ctrl_1A2: Slide info: 0.5 um/px | 0 ROI(s) | Size: 32096 x 18048
2026-01-07 09:08:08 [DEBUG] - Ctrl_1A2: Grid shape: (31, 17) | Tiles to extract: 527
2026-01-07 09:08:22 [DEBUG] - Setting viewer to <slideflow.studio.gui.viewer._slide.SlideViewer object at 0x3326955d0>
2026-01-07 09:08:22 [DEBUG] - Requesting thumbnail at level=0, width=443
2026-01-07 09:08:27 [DEBUG] - Slide origin: (0, 0)
2026-01-07 09:08:27 [DEBUG] - Set up coordinate grid, shape=(31, 17)
2026-01-07 09:08:27 [DEBUG] - QC removed from slide Ctrl_1A2
2026-01-07 09:08:27 [DEBUG] - Applying QC: [Otsu(slide_level=None)]
2026-01-07 09:08:27 [DEBUG] - Applying Otsu's thresholding at level=0
2026-01-07 09:08:40 [DEBUG] - QC ([Otsu(slide_level=None)]) complete for slide Ctrl_1A2 (time: 13.44s)
2026-01-07 09:11:23 [DEBUG] - Setting MPP to 0.3333333333333333
2026-01-07 09:11:23 [DEBUG] - Attempting to read levels from non-standard multi-page TIFF
2026-01-07 09:11:23 [DEBUG] - Read 1 levels.
2026-01-07 09:11:23 [DEBUG] - Error attempting to read level 0
2026-01-07 09:11:23 [DEBUG] - No ROIs provided for Ctrl_1A2
2026-01-07 09:11:23 [DEBUG] - No ROI for Ctrl_1A2, using whole slide.
2026-01-07 09:11:23 [DEBUG] - Slide origin: (0, 0)
2026-01-07 09:11:23 [DEBUG] - Set up coordinate grid, shape=(62, 35)
2026-01-07 09:11:23 [DEBUG] - Ctrl_1A2: Slide info: 0.3333333333333333 um/px | 0 ROI(s) | Size: 32096 x 18048
2026-01-07 09:11:23 [DEBUG] - Ctrl_1A2: Grid shape: (62, 35) | Tiles to extract: 2170
2026-01-07 11:31:12 [DEBUG] - Loading project at /Users/edmundtsou/Desktop/JEFworks/jefworks-structure_segmentation/rbc_segmentation_ndpi...
2026-01-07 11:31:12 [DEBUG] - Verifying slide annotations...
2026-01-07 11:31:12 [DEBUG] - Verifying tfrecords...
2026-01-07 11:31:16 [DEBUG] - Loading slide /Users/edmundtsou/Desktop/JEFworks/jefworks-structure_segmentation/data/lab_kidney_data_ndpi/OTS-24-22043 - 2024-08-28 14.58.03.ndpi...
2026-01-07 11:31:16 [DEBUG] - Verifying slide annotations...
2026-01-07 11:31:16 [DEBUG] - Verifying tfrecords...
2026-01-07 11:31:17 [DEBUG] - No ROIs provided for OTS-24-22043 - 2024-08-28 14.58.03
2026-01-07 11:31:17 [DEBUG] - No ROI for OTS-24-22043 - 2024-08-28 14.58.03, using whole slide.
2026-01-07 11:31:17 [DEBUG] - Slide origin: (0, 0)
2026-01-07 11:31:17 [DEBUG] - Set up coordinate grid, shape=(23, 18)
2026-01-07 11:31:17 [DEBUG] - OTS-24-22043 - 2024-08-28 14.58.03: Slide info: 0.22034197073858627 um/px | 0 ROI(s) | Size: 53760 x 42240
2026-01-07 11:31:17 [DEBUG] - OTS-24-22043 - 2024-08-28 14.58.03: Grid shape: (23, 18) | Tiles to extract: 414
2026-01-07 11:31:17 [DEBUG] - Setting viewer to <slideflow.studio.gui.viewer._slide.SlideViewer object at 0x3242c5870>
2026-01-07 11:31:17 [DEBUG] - Requesting thumbnail at level=7, width=619
2026-01-07 11:31:17 [DEBUG] - Slide origin: (0, 0)
2026-01-07 11:31:17 [DEBUG] - Set up coordinate grid, shape=(23, 18)
2026-01-07 11:31:17 [DEBUG] - QC removed from slide OTS-24-22043 - 2024-08-28 14.58.03
2026-01-07 11:31:17 [DEBUG] - Applying QC: [Otsu(slide_level=None)]
2026-01-07 11:31:17 [DEBUG] - Applying Otsu's thresholding at level=6
2026-01-07 11:31:17 [DEBUG] - QC ([Otsu(slide_level=None)]) complete for slide OTS-24-22043 - 2024-08-28 14.58.03 (time: 0.04s)
2026-01-07 11:31:19 [DEBUG] - Error attempting to read level 0
2026-01-07 11:31:19 [DEBUG] - Error attempting to read level 0
2026-01-07 11:31:19 [DEBUG] - Error attempting to read level 0
2026-01-07 11:31:19 [DEBUG] - Error attempting to read level 0
2026-01-07 11:31:19 [DEBUG] - Error attempting to read level 0
2026-01-07 11:31:19 [DEBUG] - Error attempting to read level 0
2026-01-07 11:31:19 [DEBUG] - Error attempting to read level 0
2026-01-07 11:31:19 [DEBUG] - Error attempting to read level 0
2026-01-07 11:31:20 [DEBUG] - Error attempting to read level 0
2026-01-07 11:31:20 [DEBUG] - Error attempting to read level 0
2026-01-07 11:31:20 [DEBUG] - Error attempting to read level 0
2026-01-07 11:31:20 [DEBUG] - Error attempting to read level 0
2026-01-07 11:31:20 [DEBUG] - Error attempting to read level 0
2026-01-07 11:31:20 [DEBUG] - Error attempting to read level 0
2026-01-07 11:31:20 [DEBUG] - Error attempting to read level 0
2026-01-07 11:31:20 [DEBUG] - Error attempting to read level 0
2026-01-07 11:31:20 [DEBUG] - Error attempting to read level 0
2026-01-07 11:31:20 [DEBUG] - Error attempting to read level 0
2026-01-07 11:31:20 [DEBUG] - Error attempting to read level 0
2026-01-07 11:31:20 [DEBUG] - Error attempting to read level 0
2026-01-07 11:31:20 [DEBUG] - Error attempting to read level 0
2026-01-07 11:31:20 [DEBUG] - Error attempting to read level 0
2026-01-07 11:31:20 [DEBUG] - Error attempting to read level 0
2026-01-07 11:31:20 [DEBUG] - Error attempting to read level 0
2026-01-07 11:31:21 [DEBUG] - Error attempting to read level 0
2026-01-07 11:31:21 [DEBUG] - Error attempting to read level 0
2026-01-07 11:31:21 [DEBUG] - Error attempting to read level 0
2026-01-07 11:31:21 [DEBUG] - Error attempting to read level 0
2026-01-07 11:31:21 [DEBUG] - Error attempting to read level 0
2026-01-07 11:31:21 [DEBUG] - Error attempting to read level 0
2026-01-07 11:31:21 [DEBUG] - Error attempting to read level 0
2026-01-07 11:31:23 [DEBUG] - Error attempting to read level 0
2026-01-07 11:31:23 [DEBUG] - Error attempting to read level 0
2026-01-07 11:31:23 [DEBUG] - Error attempting to read level 0
2026-01-07 11:31:24 [DEBUG] - Error attempting to read level 0
2026-01-07 11:31:24 [DEBUG] - Error attempting to read level 0
2026-01-07 11:31:24 [DEBUG] - Error attempting to read level 0
2026-01-07 11:31:24 [DEBUG] - Error attempting to read level 0
2026-01-07 11:31:24 [DEBUG] - Error attempting to read level 0
2026-01-07 11:31:25 [DEBUG] - Error attempting to read level 0
2026-01-07 11:31:25 [DEBUG] - Error attempting to read level 0
2026-01-07 11:31:25 [DEBUG] - Error attempting to read level 0
2026-01-07 11:31:25 [DEBUG] - Error attempting to read level 0
2026-01-07 11:31:25 [DEBUG] - Error attempting to read level 0
2026-01-07 11:31:25 [DEBUG] - Error attempting to read level 0
2026-01-07 11:31:25 [DEBUG] - Error attempting to read level 0
2026-01-07 11:31:25 [DEBUG] - Error attempting to read level 0
2026-01-07 11:31:25 [DEBUG] - Error attempting to read level 0
2026-01-07 11:31:25 [DEBUG] - Error attempting to read level 0
2026-01-07 11:31:25 [DEBUG] - Error attempting to read level 0
2026-01-07 11:31:25 [DEBUG] - Error attempting to read level 0
2026-01-07 11:31:25 [DEBUG] - Error attempting to read level 0
2026-01-07 11:31:25 [DEBUG] - Error attempting to read level 0
2026-01-07 11:31:25 [DEBUG] - Error attempting to read level 0
2026-01-07 11:31:25 [DEBUG] - Error attempting to read level 0
2026-01-07 11:31:25 [DEBUG] - Error attempting to read level 0
2026-01-07 11:31:25 [DEBUG] - Error attempting to read level 0
2026-01-07 11:31:25 [DEBUG] - Error attempting to read level 0
2026-01-07 11:31:26 [DEBUG] - Error attempting to read level 0
2026-01-07 11:31:26 [DEBUG] - Error attempting to read level 0
2026-01-07 11:31:26 [DEBUG] - Error attempting to read level 0
2026-01-07 11:31:26 [DEBUG] - Error attempting to read level 0
2026-01-07 11:31:26 [DEBUG] - Error attempting to read level 0
2026-01-07 11:31:26 [DEBUG] - Error attempting to read level 0
2026-01-07 11:31:26 [DEBUG] - Error attempting to read level 0
2026-01-07 11:31:26 [DEBUG] - Error attempting to read level 0
2026-01-07 11:31:27 [DEBUG] - Error attempting to read level 0
2026-01-07 11:31:27 [DEBUG] - Error attempting to read level 0
2026-01-07 11:31:27 [DEBUG] - Error attempting to read level 0
2026-01-07 11:31:29 [DEBUG] - Error attempting to read level 0
2026-01-07 11:31:29 [DEBUG] - Error attempting to read level 0
2026-01-07 11:31:29 [DEBUG] - Error attempting to read level 0
2026-01-07 11:31:29 [DEBUG] - Error attempting to read level 0
2026-01-07 11:31:32 [DEBUG] - Error attempting to read level 0
2026-01-07 11:31:33 [DEBUG] - Error attempting to read level 0
2026-01-07 11:31:33 [DEBUG] - Error attempting to read level 0
2026-01-07 11:31:33 [DEBUG] - Error attempting to read level 0
2026-01-07 11:31:34 [DEBUG] - Error attempting to read level 0
2026-01-07 11:32:53 [DEBUG] - Error attempting to read level 0
2026-01-07 11:33:12 [DEBUG] - Error attempting to read level 0
2026-01-07 11:33:12 [DEBUG] - Error attempting to read level 0
2026-01-07 11:33:12 [DEBUG] - Error attempting to read level 0
2026-01-07 11:33:12 [DEBUG] - Error attempting to read level 0
2026-01-07 11:33:12 [DEBUG] - Error attempting to read level 0
2026-01-07 11:33:12 [DEBUG] - Error attempting to read level 0
2026-01-07 11:33:12 [DEBUG] - Error attempting to read level 0
2026-01-07 11:33:13 [DEBUG] - Error attempting to read level 0
2026-01-07 11:33:13 [DEBUG] - Error attempting to read level 0
2026-01-07 11:33:13 [DEBUG] - Error attempting to read level 0
2026-01-07 11:33:13 [DEBUG] - Error attempting to read level 0
2026-01-07 11:33:13 [DEBUG] - Error attempting to read level 0
2026-01-07 11:33:13 [DEBUG] - Error attempting to read level 0
2026-01-07 11:33:13 [DEBUG] - Error attempting to read level 0
2026-01-07 11:33:14 [DEBUG] - Error attempting to read level 0
2026-01-07 11:33:14 [DEBUG] - Error attempting to read level 0
2026-01-07 11:33:15 [DEBUG] - Error attempting to read level 0
2026-01-07 11:33:15 [DEBUG] - Error attempting to read level 0
2026-01-07 11:33:15 [DEBUG] - Error attempting to read level 0
2026-01-07 11:33:15 [DEBUG] - Error attempting to read level 0
2026-01-07 11:33:16 [DEBUG] - Error attempting to read level 0
2026-01-07 11:33:16 [DEBUG] - Error attempting to read level 0
2026-01-07 11:33:47 [DEBUG] - Error attempting to read level 0
2026-01-07 11:33:47 [DEBUG] - Error attempting to read level 0
2026-01-07 11:33:47 [DEBUG] - Error attempting to read level 0
2026-01-07 11:33:47 [DEBUG] - Error attempting to read level 0
2026-01-07 11:33:47 [DEBUG] - Error attempting to read level 0
2026-01-07 11:33:47 [DEBUG] - Error attempting to read level 0
2026-01-07 11:33:47 [DEBUG] - Error attempting to read level 0
2026-01-07 11:33:47 [DEBUG] - Error attempting to read level 0
2026-01-07 11:33:47 [DEBUG] - Error attempting to read level 0
2026-01-07 11:33:47 [DEBUG] - Error attempting to read level 0
2026-01-07 11:33:47 [DEBUG] - Error attempting to read level 0
2026-01-07 11:33:47 [DEBUG] - Error attempting to read level 0
2026-01-07 11:33:47 [DEBUG] - Error attempting to read level 0
2026-01-07 11:33:47 [DEBUG] - Error attempting to read level 0
2026-01-07 11:33:51 [DEBUG] - Error attempting to read level 0
2026-01-07 11:33:51 [DEBUG] - Error attempting to read level 0
2026-01-07 11:33:52 [DEBUG] - Error attempting to read level 0
2026-01-07 11:33:52 [DEBUG] - Error attempting to read level 0
2026-01-07 11:33:52 [DEBUG] - Error attempting to read level 0
2026-01-07 11:33:52 [DEBUG] - Error attempting to read level 0
2026-01-07 11:33:52 [DEBUG] - Error attempting to read level 0
2026-01-07 11:33:52 [DEBUG] - Error attempting to read level 0
2026-01-07 11:33:52 [DEBUG] - Error attempting to read level 0
2026-01-07 11:33:53 [DEBUG] - Error attempting to read level 0
2026-01-07 11:33:53 [DEBUG] - Error attempting to read level 0
2026-01-07 11:33:53 [DEBUG] - Error attempting to read level 0
2026-01-07 11:33:53 [DEBUG] - Error attempting to read level 0
2026-01-07 11:33:53 [DEBUG] - Error attempting to read level 0
2026-01-07 11:33:53 [DEBUG] - Error attempting to read level 0
2026-01-07 11:33:53 [DEBUG] - Error attempting to read level 0
2026-01-07 11:33:53 [DEBUG] - Error attempting to read level 0
2026-01-07 11:33:53 [DEBUG] - Error attempting to read level 0
2026-01-07 11:33:53 [DEBUG] - Error attempting to read level 0
2026-01-07 11:33:53 [DEBUG] - Error attempting to read level 0
2026-01-07 11:33:53 [DEBUG] - Error attempting to read level 0
2026-01-07 11:33:53 [DEBUG] - Error attempting to read level 0
2026-01-07 11:33:53 [DEBUG] - Error attempting to read level 0
2026-01-07 11:33:54 [DEBUG] - Error attempting to read level 0
2026-01-07 11:33:54 [DEBUG] - Error attempting to read level 0
2026-01-07 11:33:54 [DEBUG] - Error attempting to read level 0
2026-01-07 11:33:54 [DEBUG] - Error attempting to read level 0
2026-01-07 11:33:54 [DEBUG] - Error attempting to read level 0
2026-01-07 11:33:54 [DEBUG] - Error attempting to read level 0
2026-01-07 11:33:57 [DEBUG] - Error attempting to read level 0
2026-01-07 11:33:57 [DEBUG] - Error attempting to read level 0
2026-01-07 11:33:57 [DEBUG] - Error attempting to read level 0
2026-01-07 11:33:57 [DEBUG] - Error attempting to read level 0
2026-01-07 11:33:57 [DEBUG] - Error attempting to read level 0
2026-01-07 11:33:58 [DEBUG] - Error attempting to read level 0
2026-01-07 11:33:58 [DEBUG] - Error attempting to read level 0
2026-01-07 11:33:58 [DEBUG] - Error attempting to read level 0
2026-01-07 11:33:58 [DEBUG] - Error attempting to read level 0
2026-01-07 11:33:58 [DEBUG] - Error attempting to read level 0
2026-01-07 11:33:58 [DEBUG] - Error attempting to read level 0
2026-01-07 11:33:58 [DEBUG] - Error attempting to read level 0
2026-01-07 11:33:58 [DEBUG] - Error attempting to read level 0
2026-01-07 11:33:58 [DEBUG] - Error attempting to read level 0
2026-01-07 11:33:58 [DEBUG] - Error attempting to read level 0
2026-01-07 11:33:58 [DEBUG] - Error attempting to read level 0
2026-01-07 11:33:58 [DEBUG] - Error attempting to read level 0
2026-01-07 11:33:58 [DEBUG] - Error attempting to read level 0
2026-01-07 11:33:58 [DEBUG] - Error attempting to read level 0
2026-01-07 11:33:59 [DEBUG] - Error attempting to read level 0
2026-01-07 11:33:59 [DEBUG] - Error attempting to read level 0
2026-01-07 11:33:59 [DEBUG] - Error attempting to read level 0
2026-01-07 11:33:59 [DEBUG] - Error attempting to read level 0
2026-01-07 11:33:59 [DEBUG] - Error attempting to read level 0
2026-01-07 11:33:59 [DEBUG] - Error attempting to read level 0
2026-01-07 11:33:59 [DEBUG] - Error attempting to read level 0
2026-01-07 11:33:59 [DEBUG] - Error attempting to read level 0
2026-01-07 11:33:59 [DEBUG] - Error attempting to read level 0
2026-01-07 11:33:59 [DEBUG] - Error attempting to read level 0
2026-01-07 11:33:59 [DEBUG] - Error attempting to read level 0
2026-01-07 11:33:59 [DEBUG] - Error attempting to read level 0
2026-01-07 11:33:59 [DEBUG] - Error attempting to read level 0
2026-01-07 11:34:00 [DEBUG] - Error attempting to read level 0
2026-01-07 11:34:00 [DEBUG] - Error attempting to read level 0
2026-01-07 11:34:00 [DEBUG] - Error attempting to read level 0
2026-01-07 11:34:00 [DEBUG] - Error attempting to read level 0
2026-01-07 11:34:00 [DEBUG] - Error attempting to read level 0
2026-01-07 11:34:00 [DEBUG] - Error attempting to read level 0
2026-01-07 11:34:00 [DEBUG] - Error attempting to read level 0
2026-01-07 11:34:01 [DEBUG] - Error attempting to read level 0
2026-01-07 11:34:01 [DEBUG] - Error attempting to read level 0
2026-01-07 11:34:01 [DEBUG] - Error attempting to read level 0
2026-01-07 11:34:01 [DEBUG] - Error attempting to read level 0
2026-01-07 11:34:01 [DEBUG] - Error attempting to read level 0
2026-01-07 11:34:01 [DEBUG] - Error attempting to read level 0
2026-01-07 11:34:01 [DEBUG] - Error attempting to read level 0
2026-01-07 11:34:01 [DEBUG] - Error attempting to read level 0
2026-01-07 11:34:01 [DEBUG] - Error attempting to read level 0
2026-01-07 11:34:01 [DEBUG] - Error attempting to read level 0
2026-01-07 11:34:01 [DEBUG] - Error attempting to read level 0
2026-01-07 11:34:01 [DEBUG] - Error attempting to read level 0
2026-01-07 11:34:01 [DEBUG] - Error attempting to read level 0
2026-01-07 11:34:01 [DEBUG] - Error attempting to read level 0
2026-01-07 11:34:01 [DEBUG] - Error attempting to read level 0
2026-01-07 11:34:01 [DEBUG] - Error attempting to read level 0
2026-01-07 11:34:01 [DEBUG] - Error attempting to read level 0
2026-01-07 11:34:02 [DEBUG] - Error attempting to read level 0
2026-01-07 11:34:02 [DEBUG] - Error attempting to read level 0
2026-01-07 11:34:02 [DEBUG] - Error attempting to read level 0
2026-01-07 11:34:02 [DEBUG] - Error attempting to read level 0
2026-01-07 11:34:02 [DEBUG] - Error attempting to read level 0
2026-01-07 11:34:02 [DEBUG] - Error attempting to read level 0
2026-01-07 11:34:02 [DEBUG] - Error attempting to read level 0
2026-01-07 11:34:02 [DEBUG] - Error attempting to read level 0
2026-01-07 11:34:02 [DEBUG] - Error attempting to read level 0
2026-01-07 11:34:02 [DEBUG] - Error attempting to read level 0
2026-01-07 11:34:04 [DEBUG] - Error attempting to read level 0
2026-01-07 11:34:04 [DEBUG] - Error attempting to read level 0
2026-01-07 11:34:04 [DEBUG] - Error attempting to read level 0
2026-01-07 11:34:04 [DEBUG] - Error attempting to read level 0
2026-01-07 11:34:04 [DEBUG] - Error attempting to read level 0
2026-01-07 11:34:04 [DEBUG] - Error attempting to read level 0
2026-01-07 11:34:04 [DEBUG] - Error attempting to read level 0
2026-01-07 11:34:04 [DEBUG] - Error attempting to read level 0
2026-01-07 11:34:04 [DEBUG] - Error attempting to read level 0
2026-01-07 11:34:04 [DEBUG] - Error attempting to read level 0
2026-01-07 11:34:04 [DEBUG] - Error attempting to read level 0
2026-01-07 11:34:04 [DEBUG] - Error attempting to read level 0
2026-01-07 11:34:04 [DEBUG] - Error attempting to read level 0
2026-01-07 11:34:04 [DEBUG] - Error attempting to read level 0
2026-01-07 11:34:04 [DEBUG] - Error attempting to read level 0
2026-01-07 11:34:04 [DEBUG] - Error attempting to read level 0
2026-01-07 11:34:04 [DEBUG] - Error attempting to read level 0
2026-01-07 11:34:33 [DEBUG] - Error attempting to read level 0
2026-01-07 11:34:33 [DEBUG] - Error attempting to read level 0
2026-01-07 11:34:33 [DEBUG] - Error attempting to read level 0
2026-01-07 11:34:33 [DEBUG] - Error attempting to read level 0
2026-01-07 11:34:33 [DEBUG] - Error attempting to read level 0
2026-01-07 11:34:33 [DEBUG] - Error attempting to read level 0
2026-01-07 11:34:33 [DEBUG] - Error attempting to read level 0
2026-01-07 11:34:33 [DEBUG] - Error attempting to read level 0
2026-01-07 11:34:33 [DEBUG] - Error attempting to read level 0
2026-01-07 11:34:33 [DEBUG] - Error attempting to read level 0
2026-01-07 11:34:33 [DEBUG] - Error attempting to read level 0
2026-01-07 11:34:33 [DEBUG] - Error attempting to read level 0
2026-01-07 11:34:33 [DEBUG] - Error attempting to read level 0
2026-01-07 11:34:33 [DEBUG] - Error attempting to read level 0
2026-01-07 11:34:35 [DEBUG] - Error attempting to read level 0
2026-01-07 11:34:35 [DEBUG] - Error attempting to read level 0
2026-01-07 11:34:35 [DEBUG] - Error attempting to read level 0
2026-01-07 11:34:35 [DEBUG] - Error attempting to read level 0
2026-01-07 11:34:48 [DEBUG] - Error attempting to read level 0
2026-01-07 11:34:49 [DEBUG] - Error attempting to read level 0
2026-01-07 11:34:52 [DEBUG] - Error attempting to read level 0
2026-01-07 11:34:52 [DEBUG] - Error attempting to read level 0
2026-01-07 11:34:52 [DEBUG] - Error attempting to read level 0
2026-01-07 11:34:53 [DEBUG] - Error attempting to read level 0
2026-01-07 11:34:53 [DEBUG] - Error attempting to read level 0
2026-01-07 11:34:53 [DEBUG] - Error attempting to read level 0
2026-01-07 11:34:57 [DEBUG] - Error attempting to read level 0
2026-01-07 11:34:57 [DEBUG] - Error attempting to read level 0
2026-01-07 11:34:57 [DEBUG] - Error attempting to read level 0
2026-01-07 11:34:58 [DEBUG] - Error attempting to read level 0
2026-01-07 11:34:58 [DEBUG] - Error attempting to read level 0
2026-01-07 11:34:58 [DEBUG] - Error attempting to read level 0
2026-01-07 11:34:58 [DEBUG] - Error attempting to read level 0
2026-01-07 11:34:58 [DEBUG] - Error attempting to read level 0
2026-01-07 11:34:58 [DEBUG] - Error attempting to read level 0
2026-01-07 11:34:58 [DEBUG] - Error attempting to read level 0
2026-01-07 11:34:58 [DEBUG] - Error attempting to read level 0
2026-01-07 11:34:58 [DEBUG] - Error attempting to read level 0
2026-01-07 11:34:58 [DEBUG] - Error attempting to read level 0
2026-01-07 11:34:58 [DEBUG] - Error attempting to read level 0
2026-01-07 11:34:59 [DEBUG] - Error attempting to read level 0
2026-01-07 11:34:59 [DEBUG] - Error attempting to read level 0
2026-01-07 11:34:59 [DEBUG] - Error attempting to read level 0
2026-01-07 11:34:59 [DEBUG] - Error attempting to read level 0
2026-01-07 11:34:59 [DEBUG] - Error attempting to read level 0
2026-01-07 11:34:59 [DEBUG] - Error attempting to read level 0
2026-01-07 11:34:59 [DEBUG] - Error attempting to read level 0
2026-01-07 11:34:59 [DEBUG] - Error attempting to read level 0
2026-01-07 11:34:59 [DEBUG] - Error attempting to read level 0
2026-01-07 11:34:59 [DEBUG] - Error attempting to read level 0
2026-01-07 11:34:59 [DEBUG] - Error attempting to read level 0
2026-01-07 11:34:59 [DEBUG] - Error attempting to read level 0
2026-01-07 11:34:59 [DEBUG] - Error attempting to read level 0
2026-01-07 11:34:59 [DEBUG] - Error attempting to read level 0
2026-01-07 11:34:59 [DEBUG] - Error attempting to read level 0
2026-01-07 11:34:59 [DEBUG] - Error attempting to read level 0
2026-01-07 11:35:00 [DEBUG] - Error attempting to read level 0
2026-01-07 11:35:00 [DEBUG] - Error attempting to read level 0
2026-01-07 11:35:00 [DEBUG] - Error attempting to read level 0
2026-01-07 11:35:00 [DEBUG] - Error attempting to read level 0
2026-01-07 11:35:00 [DEBUG] - Error attempting to read level 0
2026-01-07 11:35:00 [DEBUG] - Error attempting to read level 0
2026-01-07 11:35:00 [DEBUG] - Error attempting to read level 0
2026-01-07 11:35:00 [DEBUG] - Error attempting to read level 0
2026-01-07 11:35:00 [DEBUG] - Error attempting to read level 0
2026-01-07 11:35:00 [DEBUG] - Error attempting to read level 0
2026-01-07 11:35:00 [DEBUG] - Error attempting to read level 0
2026-01-07 11:35:01 [DEBUG] - Error attempting to read level 0
2026-01-07 11:35:01 [DEBUG] - Error attempting to read level 0
2026-01-07 11:35:01 [DEBUG] - Error attempting to read level 0
2026-01-07 11:35:01 [DEBUG] - Error attempting to read level 0
2026-01-07 11:35:02 [DEBUG] - Error attempting to read level 0
2026-01-07 11:35:05 [DEBUG] - Error attempting to read level 0
2026-01-07 11:35:05 [DEBUG] - Error attempting to read level 0
2026-01-07 11:35:05 [DEBUG] - Error attempting to read level 0
2026-01-07 11:35:05 [DEBUG] - Error attempting to read level 0
2026-01-07 11:35:05 [DEBUG] - Error attempting to read level 0
2026-01-07 11:35:05 [DEBUG] - Error attempting to read level 0
2026-01-07 11:35:05 [DEBUG] - Error attempting to read level 0
2026-01-07 11:35:05 [DEBUG] - Error attempting to read level 0
2026-01-07 11:35:05 [DEBUG] - Error attempting to read level 0
2026-01-07 11:35:06 [DEBUG] - Error attempting to read level 0
2026-01-07 11:35:06 [DEBUG] - Error attempting to read level 0
2026-01-07 11:35:06 [DEBUG] - Error attempting to read level 0
2026-01-07 11:35:06 [DEBUG] - Error attempting to read level 0
2026-01-07 11:35:06 [DEBUG] - Error attempting to read level 0
